{"D:\\NodeJS46\\ExpressJS\\be-cyber-media\\src\\common\\constant\\app.constant.js": {"path":"D:\\NodeJS46\\ExpressJS\\be-cyber-media\\src\\common\\constant\\app.constant.js","statementMap":{"0":{"start":{"line":1,"column":28},"end":{"line":1,"column":52}},"1":{"start":{"line":3,"column":35},"end":{"line":3,"column":66}},"2":{"start":{"line":4,"column":36},"end":{"line":4,"column":68}},"3":{"start":{"line":6,"column":36},"end":{"line":6,"column":68}},"4":{"start":{"line":7,"column":37},"end":{"line":7,"column":70}},"5":{"start":{"line":10,"column":2},"end":{"line":10,"column":61}},"6":{"start":{"line":11,"column":0},"end":{"line":17,"column":3}}},"fnMap":{},"branchMap":{},"s":{"0":1,"1":1,"2":1,"3":1,"4":1,"5":1,"6":1},"f":{},"b":{},"_coverageSchema":"1a1c01bbd47fc00a2c39e90264f33305004495a9","hash":"b88d9e2cb39061d4a89bde44dade4f85a1e8021b"}
,"D:\\NodeJS46\\ExpressJS\\be-cyber-media\\src\\common\\helpers\\error.helper.js": {"path":"D:\\NodeJS46\\ExpressJS\\be-cyber-media\\src\\common\\helpers\\error.helper.js","statementMap":{"0":{"start":{"line":4,"column":27},"end":{"line":18,"column":1}},"1":{"start":{"line":5,"column":2},"end":{"line":5,"column":23}},"2":{"start":{"line":10,"column":2},"end":{"line":12,"column":3}},"3":{"start":{"line":11,"column":4},"end":{"line":11,"column":19}},"4":{"start":{"line":13,"column":2},"end":{"line":15,"column":3}},"5":{"start":{"line":14,"column":4},"end":{"line":14,"column":19}},"6":{"start":{"line":16,"column":18},"end":{"line":16,"column":65}},"7":{"start":{"line":17,"column":2},"end":{"line":17,"column":41}},"8":{"start":{"line":22,"column":4},"end":{"line":22,"column":19}},"9":{"start":{"line":23,"column":4},"end":{"line":23,"column":20}},"10":{"start":{"line":29,"column":4},"end":{"line":29,"column":19}},"11":{"start":{"line":30,"column":4},"end":{"line":30,"column":20}},"12":{"start":{"line":36,"column":4},"end":{"line":36,"column":19}},"13":{"start":{"line":37,"column":4},"end":{"line":37,"column":20}}},"fnMap":{"0":{"name":"(anonymous_0)","decl":{"start":{"line":4,"column":27},"end":{"line":4,"column":28}},"loc":{"start":{"line":4,"column":52},"end":{"line":18,"column":1}},"line":4},"1":{"name":"(anonymous_1)","decl":{"start":{"line":21,"column":2},"end":{"line":21,"column":3}},"loc":{"start":{"line":21,"column":47},"end":{"line":24,"column":3}},"line":21},"2":{"name":"(anonymous_2)","decl":{"start":{"line":28,"column":2},"end":{"line":28,"column":3}},"loc":{"start":{"line":28,"column":46},"end":{"line":31,"column":3}},"line":28},"3":{"name":"(anonymous_3)","decl":{"start":{"line":35,"column":2},"end":{"line":35,"column":3}},"loc":{"start":{"line":35,"column":52},"end":{"line":38,"column":3}},"line":35}},"branchMap":{"0":{"loc":{"start":{"line":10,"column":2},"end":{"line":12,"column":3}},"type":"if","locations":[{"start":{"line":10,"column":2},"end":{"line":12,"column":3}},{"start":{},"end":{}}],"line":10},"1":{"loc":{"start":{"line":13,"column":2},"end":{"line":15,"column":3}},"type":"if","locations":[{"start":{"line":13,"column":2},"end":{"line":15,"column":3}},{"start":{},"end":{}}],"line":13},"2":{"loc":{"start":{"line":21,"column":14},"end":{"line":21,"column":45}},"type":"default-arg","locations":[{"start":{"line":21,"column":24},"end":{"line":21,"column":45}}],"line":21},"3":{"loc":{"start":{"line":28,"column":14},"end":{"line":28,"column":44}},"type":"default-arg","locations":[{"start":{"line":28,"column":24},"end":{"line":28,"column":44}}],"line":28},"4":{"loc":{"start":{"line":35,"column":14},"end":{"line":35,"column":50}},"type":"default-arg","locations":[{"start":{"line":35,"column":24},"end":{"line":35,"column":50}}],"line":35}},"s":{"0":1,"1":0,"2":0,"3":0,"4":0,"5":0,"6":0,"7":0,"8":0,"9":0,"10":0,"11":0,"12":0,"13":0},"f":{"0":0,"1":0,"2":0,"3":0},"b":{"0":[0,0],"1":[0,0],"2":[0],"3":[0],"4":[0]},"_coverageSchema":"1a1c01bbd47fc00a2c39e90264f33305004495a9","hash":"b535c67671c02cff8babd202d4d586b85d4e66dc"}
,"D:\\NodeJS46\\ExpressJS\\be-cyber-media\\src\\common\\helpers\\response.helper.js": {"path":"D:\\NodeJS46\\ExpressJS\\be-cyber-media\\src\\common\\helpers\\response.helper.js","statementMap":{"0":{"start":{"line":1,"column":31},"end":{"line":13,"column":1}},"1":{"start":{"line":6,"column":2},"end":{"line":6,"column":43}},"2":{"start":{"line":6,"column":32},"end":{"line":6,"column":43}},"3":{"start":{"line":7,"column":2},"end":{"line":12,"column":4}},"4":{"start":{"line":15,"column":29},"end":{"line":27,"column":1}},"5":{"start":{"line":20,"column":2},"end":{"line":20,"column":43}},"6":{"start":{"line":20,"column":32},"end":{"line":20,"column":43}},"7":{"start":{"line":21,"column":2},"end":{"line":26,"column":4}}},"fnMap":{"0":{"name":"(anonymous_0)","decl":{"start":{"line":1,"column":31},"end":{"line":1,"column":32}},"loc":{"start":{"line":5,"column":5},"end":{"line":13,"column":1}},"line":5},"1":{"name":"(anonymous_1)","decl":{"start":{"line":15,"column":29},"end":{"line":15,"column":30}},"loc":{"start":{"line":19,"column":5},"end":{"line":27,"column":1}},"line":19}},"branchMap":{"0":{"loc":{"start":{"line":2,"column":2},"end":{"line":2,"column":17}},"type":"default-arg","locations":[{"start":{"line":2,"column":13},"end":{"line":2,"column":17}}],"line":2},"1":{"loc":{"start":{"line":3,"column":2},"end":{"line":3,"column":16}},"type":"default-arg","locations":[{"start":{"line":3,"column":12},"end":{"line":3,"column":16}}],"line":3},"2":{"loc":{"start":{"line":4,"column":2},"end":{"line":4,"column":12}},"type":"default-arg","locations":[{"start":{"line":4,"column":9},"end":{"line":4,"column":12}}],"line":4},"3":{"loc":{"start":{"line":6,"column":2},"end":{"line":6,"column":43}},"type":"if","locations":[{"start":{"line":6,"column":2},"end":{"line":6,"column":43}},{"start":{},"end":{}}],"line":6},"4":{"loc":{"start":{"line":16,"column":2},"end":{"line":16,"column":35}},"type":"default-arg","locations":[{"start":{"line":16,"column":12},"end":{"line":16,"column":35}}],"line":16},"5":{"loc":{"start":{"line":17,"column":2},"end":{"line":17,"column":12}},"type":"default-arg","locations":[{"start":{"line":17,"column":9},"end":{"line":17,"column":12}}],"line":17},"6":{"loc":{"start":{"line":18,"column":2},"end":{"line":18,"column":14}},"type":"default-arg","locations":[{"start":{"line":18,"column":10},"end":{"line":18,"column":14}}],"line":18},"7":{"loc":{"start":{"line":20,"column":2},"end":{"line":20,"column":43}},"type":"if","locations":[{"start":{"line":20,"column":2},"end":{"line":20,"column":43}},{"start":{},"end":{}}],"line":20}},"s":{"0":1,"1":0,"2":0,"3":0,"4":1,"5":0,"6":0,"7":0},"f":{"0":0,"1":0},"b":{"0":[0],"1":[0],"2":[0],"3":[0,0],"4":[0],"5":[0],"6":[0],"7":[0,0]},"_coverageSchema":"1a1c01bbd47fc00a2c39e90264f33305004495a9","hash":"01b516a046526a3ac077971c99144a419dd89e3d"}
,"D:\\NodeJS46\\ExpressJS\\be-cyber-media\\src\\common\\nodemailer\\send-mail.nodemailer.js": {"path":"D:\\NodeJS46\\ExpressJS\\be-cyber-media\\src\\common\\nodemailer\\send-mail.nodemailer.js","statementMap":{"0":{"start":{"line":3,"column":20},"end":{"line":11,"column":2}},"1":{"start":{"line":16,"column":15},"end":{"line":22,"column":4}},"2":{"start":{"line":24,"column":2},"end":{"line":24,"column":50}}},"fnMap":{"0":{"name":"sendMail","decl":{"start":{"line":14,"column":15},"end":{"line":14,"column":23}},"loc":{"start":{"line":14,"column":26},"end":{"line":25,"column":1}},"line":14}},"branchMap":{},"s":{"0":1,"1":1,"2":1},"f":{"0":1},"b":{},"_coverageSchema":"1a1c01bbd47fc00a2c39e90264f33305004495a9","hash":"6febadad9fc40112b97302dc5efd76e0f4f30ea1"}
,"D:\\NodeJS46\\ExpressJS\\be-cyber-media\\src\\common\\prisma\\init.prisma.js": {"path":"D:\\NodeJS46\\ExpressJS\\be-cyber-media\\src\\common\\prisma\\init.prisma.js","statementMap":{"0":{"start":{"line":3,"column":15},"end":{"line":3,"column":33}}},"fnMap":{},"branchMap":{},"s":{"0":1},"f":{},"b":{},"_coverageSchema":"1a1c01bbd47fc00a2c39e90264f33305004495a9","hash":"02aeab7404cd4a2fb031e506b59f8533397952ed"}
,"D:\\NodeJS46\\ExpressJS\\be-cyber-media\\src\\services\\auth.service.js": {"path":"D:\\NodeJS46\\ExpressJS\\be-cyber-media\\src\\services\\auth.service.js","statementMap":{"0":{"start":{"line":16,"column":20},"end":{"line":178,"column":1}},"1":{"start":{"line":20,"column":44},"end":{"line":20,"column":52}},"2":{"start":{"line":24,"column":23},"end":{"line":28,"column":6}},"3":{"start":{"line":32,"column":4},"end":{"line":34,"column":5}},"4":{"start":{"line":33,"column":6},"end":{"line":33,"column":80}},"5":{"start":{"line":37,"column":21},"end":{"line":37,"column":51}},"6":{"start":{"line":40,"column":20},"end":{"line":46,"column":6}},"7":{"start":{"line":49,"column":4},"end":{"line":49,"column":29}},"8":{"start":{"line":53,"column":4},"end":{"line":55,"column":7}},"9":{"start":{"line":54,"column":6},"end":{"line":54,"column":41}},"10":{"start":{"line":58,"column":4},"end":{"line":58,"column":19}},"11":{"start":{"line":62,"column":33},"end":{"line":62,"column":41}},"12":{"start":{"line":63,"column":4},"end":{"line":63,"column":38}},"13":{"start":{"line":65,"column":23},"end":{"line":69,"column":6}},"14":{"start":{"line":71,"column":4},"end":{"line":73,"column":5}},"15":{"start":{"line":72,"column":6},"end":{"line":72,"column":79}},"16":{"start":{"line":75,"column":4},"end":{"line":89,"column":5}},"17":{"start":{"line":76,"column":6},"end":{"line":80,"column":7}},"18":{"start":{"line":77,"column":8},"end":{"line":79,"column":10}},"19":{"start":{"line":81,"column":6},"end":{"line":85,"column":7}},"20":{"start":{"line":82,"column":8},"end":{"line":84,"column":10}},"21":{"start":{"line":86,"column":6},"end":{"line":88,"column":8}},"22":{"start":{"line":93,"column":19},"end":{"line":93,"column":70}},"23":{"start":{"line":95,"column":4},"end":{"line":97,"column":5}},"24":{"start":{"line":96,"column":6},"end":{"line":96,"column":71}},"25":{"start":{"line":99,"column":19},"end":{"line":99,"column":63}},"26":{"start":{"line":100,"column":4},"end":{"line":100,"column":18}},"27":{"start":{"line":104,"column":41},"end":{"line":104,"column":49}},"28":{"start":{"line":105,"column":4},"end":{"line":105,"column":46}},"29":{"start":{"line":106,"column":21},"end":{"line":110,"column":6}},"30":{"start":{"line":112,"column":4},"end":{"line":120,"column":5}},"31":{"start":{"line":113,"column":6},"end":{"line":119,"column":9}},"32":{"start":{"line":121,"column":19},"end":{"line":121,"column":63}},"33":{"start":{"line":123,"column":4},"end":{"line":123,"column":18}},"34":{"start":{"line":127,"column":25},"end":{"line":127,"column":65}},"35":{"start":{"line":128,"column":4},"end":{"line":132,"column":5}},"36":{"start":{"line":129,"column":6},"end":{"line":131,"column":8}},"37":{"start":{"line":134,"column":24},"end":{"line":134,"column":53}},"38":{"start":{"line":135,"column":4},"end":{"line":139,"column":5}},"39":{"start":{"line":136,"column":6},"end":{"line":138,"column":8}},"40":{"start":{"line":141,"column":31},"end":{"line":141,"column":77}},"41":{"start":{"line":142,"column":30},"end":{"line":144,"column":6}},"42":{"start":{"line":146,"column":4},"end":{"line":148,"column":5}},"43":{"start":{"line":147,"column":6},"end":{"line":147,"column":67}},"44":{"start":{"line":150,"column":23},"end":{"line":154,"column":6}},"45":{"start":{"line":155,"column":4},"end":{"line":157,"column":5}},"46":{"start":{"line":156,"column":6},"end":{"line":156,"column":64}},"47":{"start":{"line":159,"column":19},"end":{"line":159,"column":63}},"48":{"start":{"line":160,"column":4},"end":{"line":160,"column":59}},"49":{"start":{"line":161,"column":4},"end":{"line":161,"column":18}},"50":{"start":{"line":169,"column":4},"end":{"line":169,"column":80}},"51":{"start":{"line":169,"column":17},"end":{"line":169,"column":80}},"52":{"start":{"line":170,"column":24},"end":{"line":172,"column":6}},"53":{"start":{"line":173,"column":25},"end":{"line":175,"column":6}},"54":{"start":{"line":176,"column":4},"end":{"line":176,"column":41}}},"fnMap":{"0":{"name":"(anonymous_0)","decl":{"start":{"line":18,"column":12},"end":{"line":18,"column":13}},"loc":{"start":{"line":18,"column":27},"end":{"line":59,"column":3}},"line":18},"1":{"name":"(anonymous_1)","decl":{"start":{"line":53,"column":27},"end":{"line":53,"column":28}},"loc":{"start":{"line":53,"column":36},"end":{"line":55,"column":5}},"line":53},"2":{"name":"(anonymous_2)","decl":{"start":{"line":61,"column":9},"end":{"line":61,"column":10}},"loc":{"start":{"line":61,"column":24},"end":{"line":101,"column":3}},"line":61},"3":{"name":"(anonymous_3)","decl":{"start":{"line":103,"column":17},"end":{"line":103,"column":18}},"loc":{"start":{"line":103,"column":32},"end":{"line":124,"column":3}},"line":103},"4":{"name":"(anonymous_4)","decl":{"start":{"line":126,"column":16},"end":{"line":126,"column":17}},"loc":{"start":{"line":126,"column":31},"end":{"line":166,"column":3}},"line":126},"5":{"name":"(anonymous_5)","decl":{"start":{"line":168,"column":16},"end":{"line":168,"column":17}},"loc":{"start":{"line":168,"column":28},"end":{"line":177,"column":3}},"line":168}},"branchMap":{"0":{"loc":{"start":{"line":32,"column":4},"end":{"line":34,"column":5}},"type":"if","locations":[{"start":{"line":32,"column":4},"end":{"line":34,"column":5}},{"start":{},"end":{}}],"line":32},"1":{"loc":{"start":{"line":71,"column":4},"end":{"line":73,"column":5}},"type":"if","locations":[{"start":{"line":71,"column":4},"end":{"line":73,"column":5}},{"start":{},"end":{}}],"line":71},"2":{"loc":{"start":{"line":75,"column":4},"end":{"line":89,"column":5}},"type":"if","locations":[{"start":{"line":75,"column":4},"end":{"line":89,"column":5}},{"start":{},"end":{}}],"line":75},"3":{"loc":{"start":{"line":76,"column":6},"end":{"line":80,"column":7}},"type":"if","locations":[{"start":{"line":76,"column":6},"end":{"line":80,"column":7}},{"start":{},"end":{}}],"line":76},"4":{"loc":{"start":{"line":81,"column":6},"end":{"line":85,"column":7}},"type":"if","locations":[{"start":{"line":81,"column":6},"end":{"line":85,"column":7}},{"start":{},"end":{}}],"line":81},"5":{"loc":{"start":{"line":95,"column":4},"end":{"line":97,"column":5}},"type":"if","locations":[{"start":{"line":95,"column":4},"end":{"line":97,"column":5}},{"start":{},"end":{}}],"line":95},"6":{"loc":{"start":{"line":112,"column":4},"end":{"line":120,"column":5}},"type":"if","locations":[{"start":{"line":112,"column":4},"end":{"line":120,"column":5}},{"start":{},"end":{}}],"line":112},"7":{"loc":{"start":{"line":128,"column":4},"end":{"line":132,"column":5}},"type":"if","locations":[{"start":{"line":128,"column":4},"end":{"line":132,"column":5}},{"start":{},"end":{}}],"line":128},"8":{"loc":{"start":{"line":135,"column":4},"end":{"line":139,"column":5}},"type":"if","locations":[{"start":{"line":135,"column":4},"end":{"line":139,"column":5}},{"start":{},"end":{}}],"line":135},"9":{"loc":{"start":{"line":146,"column":4},"end":{"line":148,"column":5}},"type":"if","locations":[{"start":{"line":146,"column":4},"end":{"line":148,"column":5}},{"start":{},"end":{}}],"line":146},"10":{"loc":{"start":{"line":155,"column":4},"end":{"line":157,"column":5}},"type":"if","locations":[{"start":{"line":155,"column":4},"end":{"line":157,"column":5}},{"start":{},"end":{}}],"line":155},"11":{"loc":{"start":{"line":169,"column":4},"end":{"line":169,"column":80}},"type":"if","locations":[{"start":{"line":169,"column":4},"end":{"line":169,"column":80}},{"start":{},"end":{}}],"line":169}},"s":{"0":1,"1":1,"2":1,"3":1,"4":0,"5":1,"6":1,"7":1,"8":1,"9":0,"10":1,"11":0,"12":0,"13":0,"14":0,"15":0,"16":0,"17":0,"18":0,"19":0,"20":0,"21":0,"22":0,"23":0,"24":0,"25":0,"26":0,"27":0,"28":0,"29":0,"30":0,"31":0,"32":0,"33":0,"34":0,"35":0,"36":0,"37":0,"38":0,"39":0,"40":0,"41":0,"42":0,"43":0,"44":0,"45":0,"46":0,"47":0,"48":0,"49":0,"50":0,"51":0,"52":0,"53":0,"54":0},"f":{"0":1,"1":0,"2":0,"3":0,"4":0,"5":0},"b":{"0":[0,1],"1":[0,0],"2":[0,0],"3":[0,0],"4":[0,0],"5":[0,0],"6":[0,0],"7":[0,0],"8":[0,0],"9":[0,0],"10":[0,0],"11":[0,0]},"_coverageSchema":"1a1c01bbd47fc00a2c39e90264f33305004495a9","hash":"2c106db76fc0f69fceb20be6bc951dee749d5d4f"}
}
